2022-12-15 20:56:15,054 INFO  [Log] ********************************** 
2022-12-15 20:56:15,055 INFO  [Log] ***************************************** 
2022-12-15 20:56:15,055 INFO  [Log] ############   My first test case is Login test ################ 
2022-12-15 20:56:15,055 INFO  [Log] ********************************** 
2022-12-15 20:56:15,055 INFO  [Log] ***************************************** 
2022-12-15 20:56:15,055 INFO  [Log] My Login test is going on 
2022-12-15 20:56:15,055 INFO  [Log] My test case might be failed 
2022-12-15 20:56:18,326 INFO  [Log] My test case is about to complete 
2022-12-15 20:56:18,326 INFO  [Log] ################################## 
2022-12-15 20:56:18,326 INFO  [Log] ########################################## 
2022-12-15 20:56:18,326 INFO  [Log] ############   This is my login test again ################ 
2022-12-15 20:56:18,326 INFO  [Log] ########################## 
2022-12-15 20:56:18,326 INFO  [Log] ########################################## 
2022-12-15 20:56:21,987 INFO  [Log] ********************************** 
2022-12-15 20:56:21,987 INFO  [Log] ***************************************** 
2022-12-15 20:56:21,987 INFO  [Log] ############   My first test case is Login test ################ 
2022-12-15 20:56:21,987 INFO  [Log] ********************************** 
2022-12-15 20:56:21,987 INFO  [Log] ***************************************** 
2022-12-15 20:56:21,987 INFO  [Log] My Login test is going on 
2022-12-15 20:56:21,987 INFO  [Log] My test case might be failed 
2022-12-15 20:56:24,900 INFO  [Log] My test case is about to complete 
2022-12-15 20:56:24,900 INFO  [Log] ################################## 
2022-12-15 20:56:24,900 INFO  [Log] ########################################## 
2022-12-15 20:56:24,900 INFO  [Log] ############   This is my login test again ################ 
2022-12-15 20:56:24,900 INFO  [Log] ########################## 
2022-12-15 20:56:24,900 INFO  [Log] ########################################## 
2022-12-15 20:59:18,426 INFO  [Log] ********************************** 
2022-12-15 20:59:18,426 INFO  [Log] ***************************************** 
2022-12-15 20:59:18,426 INFO  [Log] ############   My first test case is Login test ################ 
2022-12-15 20:59:18,426 INFO  [Log] ********************************** 
2022-12-15 20:59:18,426 INFO  [Log] ***************************************** 
2022-12-15 20:59:18,426 INFO  [Log] My Login test is going on 
2022-12-15 20:59:18,426 INFO  [Log] My test case might be failed 
2022-12-15 20:59:21,456 INFO  [Log] My test case is about to complete 
2022-12-15 20:59:21,456 INFO  [Log] ################################## 
2022-12-15 20:59:21,456 INFO  [Log] ########################################## 
2022-12-15 20:59:21,456 INFO  [Log] ############   This is my login test again ################ 
2022-12-15 20:59:21,456 INFO  [Log] ########################## 
2022-12-15 20:59:21,456 INFO  [Log] ########################################## 
2022-12-15 20:59:24,916 INFO  [Log] ********************************** 
2022-12-15 20:59:24,916 INFO  [Log] ***************************************** 
2022-12-15 20:59:24,916 INFO  [Log] ############   My first test case is Login test ################ 
2022-12-15 20:59:24,916 INFO  [Log] ********************************** 
2022-12-15 20:59:24,916 INFO  [Log] ***************************************** 
2022-12-15 20:59:24,916 INFO  [Log] My Login test is going on 
2022-12-15 20:59:24,916 INFO  [Log] My test case might be failed 
2022-12-15 20:59:27,672 INFO  [Log] My test case is about to complete 
2022-12-15 20:59:27,672 INFO  [Log] ################################## 
2022-12-15 20:59:27,672 INFO  [Log] ########################################## 
2022-12-15 20:59:27,672 INFO  [Log] ############   This is my login test again ################ 
2022-12-15 20:59:27,672 INFO  [Log] ########################## 
2022-12-15 20:59:27,672 INFO  [Log] ########################################## 
2022-12-15 21:11:33,962 INFO  [Log] ********************************** 
2022-12-15 21:11:33,963 INFO  [Log] ***************************************** 
2022-12-15 21:11:33,963 INFO  [Log] ############   My first test case is Login test ################ 
2022-12-15 21:11:33,963 INFO  [Log] ********************************** 
2022-12-15 21:11:33,963 INFO  [Log] ***************************************** 
2022-12-15 21:11:33,963 INFO  [Log] My Login test is going on 
2022-12-15 21:11:33,963 INFO  [Log] My test case might be failed 
2022-12-15 21:11:36,388 INFO  [Log] My test case is about to complete 
2022-12-15 21:11:36,388 INFO  [Log] ################################## 
2022-12-15 21:11:36,388 INFO  [Log] ########################################## 
2022-12-15 21:11:36,388 INFO  [Log] ############   This is my login test again ################ 
2022-12-15 21:11:36,388 INFO  [Log] ########################## 
2022-12-15 21:11:36,388 INFO  [Log] ########################################## 
2022-12-15 21:11:39,904 INFO  [Log] ********************************** 
2022-12-15 21:11:39,904 INFO  [Log] ***************************************** 
2022-12-15 21:11:39,904 INFO  [Log] ############   My first test case is Login test ################ 
2022-12-15 21:11:39,904 INFO  [Log] ********************************** 
2022-12-15 21:11:39,904 INFO  [Log] ***************************************** 
2022-12-15 21:11:39,904 INFO  [Log] My Login test is going on 
2022-12-15 21:11:39,904 INFO  [Log] My test case might be failed 
2022-12-15 21:11:42,737 INFO  [Log] My test case is about to complete 
2022-12-15 21:11:42,737 INFO  [Log] ################################## 
2022-12-15 21:11:42,737 INFO  [Log] ########################################## 
2022-12-15 21:11:42,737 INFO  [Log] ############   This is my login test again ################ 
2022-12-15 21:11:42,737 INFO  [Log] ########################## 
2022-12-15 21:11:42,737 INFO  [Log] ########################################## 
